2025-11-30T04:39:25.963245+00:00 ERROR 'ansible_navigator.actions.collections._parse' /usr/share/ansible/collections/ansible_collections/redhatinsights/insights/roles/compliance/meta/argument_specs.yml Failed to find argument_specs.yml for role in redhatinsights.insights.
2025-11-30T04:39:25.967593+00:00 ERROR 'ansible_navigator.actions.collections._parse' /usr/share/ansible/collections/ansible_collections/redhatinsights/insights/roles/insights_client/meta/argument_specs.yml Failed to find argument_specs.yml for role in redhatinsights.insights.
2025-11-30T04:39:25.967678+00:00 ERROR 'ansible_navigator.actions.collections._parse' /usr/share/ansible/collections/ansible_collections/theforeman/foreman/roles/activation_keys/meta/argument_specs.yml Failed to find argument_specs.yml for role in theforeman.foreman.
2025-11-30T04:39:25.967741+00:00 ERROR 'ansible_navigator.actions.collections._parse' /usr/share/ansible/collections/ansible_collections/theforeman/foreman/roles/activation_keys/meta/main.yml Failed to find main.yml for role in theforeman.foreman.
2025-11-30T04:39:25.967791+00:00 ERROR 'ansible_navigator.actions.collections._parse' /usr/share/ansible/collections/ansible_collections/theforeman/foreman/roles/auth_sources_ldap/meta/argument_specs.yml Failed to find argument_specs.yml for role in theforeman.foreman.
2025-11-30T04:39:25.967848+00:00 ERROR 'ansible_navigator.actions.collections._parse' /usr/share/ansible/collections/ansible_collections/theforeman/foreman/roles/auth_sources_ldap/meta/main.yml Failed to find main.yml for role in theforeman.foreman.
2025-11-30T04:39:25.967903+00:00 ERROR 'ansible_navigator.actions.collections._parse' /usr/share/ansible/collections/ansible_collections/theforeman/foreman/roles/compute_profiles/meta/argument_specs.yml Failed to find argument_specs.yml for role in theforeman.foreman.
2025-11-30T04:39:25.967954+00:00 ERROR 'ansible_navigator.actions.collections._parse' /usr/share/ansible/collections/ansible_collections/theforeman/foreman/roles/compute_profiles/meta/main.yml Failed to find main.yml for role in theforeman.foreman.
2025-11-30T04:39:25.968002+00:00 ERROR 'ansible_navigator.actions.collections._parse' /usr/share/ansible/collections/ansible_collections/theforeman/foreman/roles/compute_resources/meta/argument_specs.yml Failed to find argument_specs.yml for role in theforeman.foreman.
2025-11-30T04:39:25.968048+00:00 ERROR 'ansible_navigator.actions.collections._parse' /usr/share/ansible/collections/ansible_collections/theforeman/foreman/roles/compute_resources/meta/main.yml Failed to find main.yml for role in theforeman.foreman.
2025-11-30T04:39:25.968092+00:00 ERROR 'ansible_navigator.actions.collections._parse' /usr/share/ansible/collections/ansible_collections/theforeman/foreman/roles/content_credentials/meta/argument_specs.yml Failed to find argument_specs.yml for role in theforeman.foreman.
2025-11-30T04:39:25.968131+00:00 ERROR 'ansible_navigator.actions.collections._parse' /usr/share/ansible/collections/ansible_collections/theforeman/foreman/roles/content_credentials/meta/main.yml Failed to find main.yml for role in theforeman.foreman.
2025-11-30T04:39:25.968170+00:00 ERROR 'ansible_navigator.actions.collections._parse' /usr/share/ansible/collections/ansible_collections/theforeman/foreman/roles/content_rhel/meta/argument_specs.yml Failed to find argument_specs.yml for role in theforeman.foreman.
2025-11-30T04:39:25.968210+00:00 ERROR 'ansible_navigator.actions.collections._parse' /usr/share/ansible/collections/ansible_collections/theforeman/foreman/roles/content_rhel/meta/main.yml Failed to find main.yml for role in theforeman.foreman.
2025-11-30T04:39:25.968249+00:00 ERROR 'ansible_navigator.actions.collections._parse' /usr/share/ansible/collections/ansible_collections/theforeman/foreman/roles/content_view_publish/meta/argument_specs.yml Failed to find argument_specs.yml for role in theforeman.foreman.
2025-11-30T04:39:25.968379+00:00 ERROR 'ansible_navigator.actions.collections._parse' /usr/share/ansible/collections/ansible_collections/theforeman/foreman/roles/content_view_publish/meta/main.yml Failed to find main.yml for role in theforeman.foreman.
2025-11-30T04:39:25.968488+00:00 ERROR 'ansible_navigator.actions.collections._parse' /usr/share/ansible/collections/ansible_collections/theforeman/foreman/roles/content_view_version_cleanup/meta/argument_specs.yml Failed to find argument_specs.yml for role in theforeman.foreman.
2025-11-30T04:39:25.968534+00:00 ERROR 'ansible_navigator.actions.collections._parse' /usr/share/ansible/collections/ansible_collections/theforeman/foreman/roles/content_view_version_cleanup/meta/main.yml Failed to find main.yml for role in theforeman.foreman.
2025-11-30T04:39:25.968561+00:00 ERROR 'ansible_navigator.actions.collections._parse' /usr/share/ansible/collections/ansible_collections/theforeman/foreman/roles/content_views/meta/argument_specs.yml Failed to find argument_specs.yml for role in theforeman.foreman.
2025-11-30T04:39:25.968585+00:00 ERROR 'ansible_navigator.actions.collections._parse' /usr/share/ansible/collections/ansible_collections/theforeman/foreman/roles/content_views/meta/main.yml Failed to find main.yml for role in theforeman.foreman.
2025-11-30T04:39:25.968608+00:00 ERROR 'ansible_navigator.actions.collections._parse' /usr/share/ansible/collections/ansible_collections/theforeman/foreman/roles/convert2rhel/meta/argument_specs.yml Failed to find argument_specs.yml for role in theforeman.foreman.
2025-11-30T04:39:25.968630+00:00 ERROR 'ansible_navigator.actions.collections._parse' /usr/share/ansible/collections/ansible_collections/theforeman/foreman/roles/convert2rhel/meta/main.yml Failed to find main.yml for role in theforeman.foreman.
2025-11-30T04:39:25.968651+00:00 ERROR 'ansible_navigator.actions.collections._parse' /usr/share/ansible/collections/ansible_collections/theforeman/foreman/roles/domains/meta/argument_specs.yml Failed to find argument_specs.yml for role in theforeman.foreman.
2025-11-30T04:39:25.968673+00:00 ERROR 'ansible_navigator.actions.collections._parse' /usr/share/ansible/collections/ansible_collections/theforeman/foreman/roles/domains/meta/main.yml Failed to find main.yml for role in theforeman.foreman.
2025-11-30T04:39:25.968694+00:00 ERROR 'ansible_navigator.actions.collections._parse' /usr/share/ansible/collections/ansible_collections/theforeman/foreman/roles/hostgroups/meta/argument_specs.yml Failed to find argument_specs.yml for role in theforeman.foreman.
2025-11-30T04:39:25.968714+00:00 ERROR 'ansible_navigator.actions.collections._parse' /usr/share/ansible/collections/ansible_collections/theforeman/foreman/roles/hostgroups/meta/main.yml Failed to find main.yml for role in theforeman.foreman.
2025-11-30T04:39:25.968735+00:00 ERROR 'ansible_navigator.actions.collections._parse' /usr/share/ansible/collections/ansible_collections/theforeman/foreman/roles/lifecycle_environments/meta/argument_specs.yml Failed to find argument_specs.yml for role in theforeman.foreman.
2025-11-30T04:39:25.968756+00:00 ERROR 'ansible_navigator.actions.collections._parse' /usr/share/ansible/collections/ansible_collections/theforeman/foreman/roles/lifecycle_environments/meta/main.yml Failed to find main.yml for role in theforeman.foreman.
2025-11-30T04:39:25.968776+00:00 ERROR 'ansible_navigator.actions.collections._parse' /usr/share/ansible/collections/ansible_collections/theforeman/foreman/roles/locations/meta/argument_specs.yml Failed to find argument_specs.yml for role in theforeman.foreman.
2025-11-30T04:39:25.968797+00:00 ERROR 'ansible_navigator.actions.collections._parse' /usr/share/ansible/collections/ansible_collections/theforeman/foreman/roles/locations/meta/main.yml Failed to find main.yml for role in theforeman.foreman.
2025-11-30T04:39:25.968818+00:00 ERROR 'ansible_navigator.actions.collections._parse' /usr/share/ansible/collections/ansible_collections/theforeman/foreman/roles/manifest/meta/argument_specs.yml Failed to find argument_specs.yml for role in theforeman.foreman.
2025-11-30T04:39:25.968838+00:00 ERROR 'ansible_navigator.actions.collections._parse' /usr/share/ansible/collections/ansible_collections/theforeman/foreman/roles/manifest/meta/main.yml Failed to find main.yml for role in theforeman.foreman.
2025-11-30T04:39:25.968862+00:00 ERROR 'ansible_navigator.actions.collections._parse' /usr/share/ansible/collections/ansible_collections/theforeman/foreman/roles/operatingsystems/meta/argument_specs.yml Failed to find argument_specs.yml for role in theforeman.foreman.
2025-11-30T04:39:25.968884+00:00 ERROR 'ansible_navigator.actions.collections._parse' /usr/share/ansible/collections/ansible_collections/theforeman/foreman/roles/operatingsystems/meta/main.yml Failed to find main.yml for role in theforeman.foreman.
2025-11-30T04:39:25.968904+00:00 ERROR 'ansible_navigator.actions.collections._parse' /usr/share/ansible/collections/ansible_collections/theforeman/foreman/roles/organizations/meta/argument_specs.yml Failed to find argument_specs.yml for role in theforeman.foreman.
2025-11-30T04:39:25.968925+00:00 ERROR 'ansible_navigator.actions.collections._parse' /usr/share/ansible/collections/ansible_collections/theforeman/foreman/roles/organizations/meta/main.yml Failed to find main.yml for role in theforeman.foreman.
2025-11-30T04:39:25.968945+00:00 ERROR 'ansible_navigator.actions.collections._parse' /usr/share/ansible/collections/ansible_collections/theforeman/foreman/roles/provisioning_templates/meta/argument_specs.yml Failed to find argument_specs.yml for role in theforeman.foreman.
2025-11-30T04:39:25.968965+00:00 ERROR 'ansible_navigator.actions.collections._parse' /usr/share/ansible/collections/ansible_collections/theforeman/foreman/roles/provisioning_templates/meta/main.yml Failed to find main.yml for role in theforeman.foreman.
2025-11-30T04:39:25.968986+00:00 ERROR 'ansible_navigator.actions.collections._parse' /usr/share/ansible/collections/ansible_collections/theforeman/foreman/roles/repositories/meta/argument_specs.yml Failed to find argument_specs.yml for role in theforeman.foreman.
2025-11-30T04:39:25.969007+00:00 ERROR 'ansible_navigator.actions.collections._parse' /usr/share/ansible/collections/ansible_collections/theforeman/foreman/roles/repositories/meta/main.yml Failed to find main.yml for role in theforeman.foreman.
2025-11-30T04:39:25.969027+00:00 ERROR 'ansible_navigator.actions.collections._parse' /usr/share/ansible/collections/ansible_collections/theforeman/foreman/roles/settings/meta/argument_specs.yml Failed to find argument_specs.yml for role in theforeman.foreman.
2025-11-30T04:39:25.969048+00:00 ERROR 'ansible_navigator.actions.collections._parse' /usr/share/ansible/collections/ansible_collections/theforeman/foreman/roles/settings/meta/main.yml Failed to find main.yml for role in theforeman.foreman.
2025-11-30T04:39:25.969069+00:00 ERROR 'ansible_navigator.actions.collections._parse' /usr/share/ansible/collections/ansible_collections/theforeman/foreman/roles/subnets/meta/argument_specs.yml Failed to find argument_specs.yml for role in theforeman.foreman.
2025-11-30T04:39:25.969089+00:00 ERROR 'ansible_navigator.actions.collections._parse' /usr/share/ansible/collections/ansible_collections/theforeman/foreman/roles/subnets/meta/main.yml Failed to find main.yml for role in theforeman.foreman.
2025-11-30T04:39:25.969110+00:00 ERROR 'ansible_navigator.actions.collections._parse' /usr/share/ansible/collections/ansible_collections/theforeman/foreman/roles/sync_plans/meta/argument_specs.yml Failed to find argument_specs.yml for role in theforeman.foreman.
2025-11-30T04:39:25.969131+00:00 ERROR 'ansible_navigator.actions.collections._parse' /usr/share/ansible/collections/ansible_collections/theforeman/foreman/roles/sync_plans/meta/main.yml Failed to find main.yml for role in theforeman.foreman.
2025-11-30T04:39:58.937938+00:00 ERROR 'ansible_navigator.actions.collections._parse' /usr/share/ansible/collections/ansible_collections/redhatinsights/insights/roles/compliance/meta/argument_specs.yml Failed to find argument_specs.yml for role in redhatinsights.insights.
2025-11-30T04:39:58.938573+00:00 ERROR 'ansible_navigator.actions.collections._parse' /usr/share/ansible/collections/ansible_collections/redhatinsights/insights/roles/insights_client/meta/argument_specs.yml Failed to find argument_specs.yml for role in redhatinsights.insights.
2025-11-30T04:39:58.938620+00:00 ERROR 'ansible_navigator.actions.collections._parse' /usr/share/ansible/collections/ansible_collections/theforeman/foreman/roles/activation_keys/meta/argument_specs.yml Failed to find argument_specs.yml for role in theforeman.foreman.
2025-11-30T04:39:58.938678+00:00 ERROR 'ansible_navigator.actions.collections._parse' /usr/share/ansible/collections/ansible_collections/theforeman/foreman/roles/activation_keys/meta/main.yml Failed to find main.yml for role in theforeman.foreman.
2025-11-30T04:39:58.938731+00:00 ERROR 'ansible_navigator.actions.collections._parse' /usr/share/ansible/collections/ansible_collections/theforeman/foreman/roles/auth_sources_ldap/meta/argument_specs.yml Failed to find argument_specs.yml for role in theforeman.foreman.
2025-11-30T04:39:58.938770+00:00 ERROR 'ansible_navigator.actions.collections._parse' /usr/share/ansible/collections/ansible_collections/theforeman/foreman/roles/auth_sources_ldap/meta/main.yml Failed to find main.yml for role in theforeman.foreman.
2025-11-30T04:39:58.938796+00:00 ERROR 'ansible_navigator.actions.collections._parse' /usr/share/ansible/collections/ansible_collections/theforeman/foreman/roles/compute_profiles/meta/argument_specs.yml Failed to find argument_specs.yml for role in theforeman.foreman.
2025-11-30T04:39:58.938820+00:00 ERROR 'ansible_navigator.actions.collections._parse' /usr/share/ansible/collections/ansible_collections/theforeman/foreman/roles/compute_profiles/meta/main.yml Failed to find main.yml for role in theforeman.foreman.
2025-11-30T04:39:58.938842+00:00 ERROR 'ansible_navigator.actions.collections._parse' /usr/share/ansible/collections/ansible_collections/theforeman/foreman/roles/compute_resources/meta/argument_specs.yml Failed to find argument_specs.yml for role in theforeman.foreman.
2025-11-30T04:39:58.938864+00:00 ERROR 'ansible_navigator.actions.collections._parse' /usr/share/ansible/collections/ansible_collections/theforeman/foreman/roles/compute_resources/meta/main.yml Failed to find main.yml for role in theforeman.foreman.
2025-11-30T04:39:58.938898+00:00 ERROR 'ansible_navigator.actions.collections._parse' /usr/share/ansible/collections/ansible_collections/theforeman/foreman/roles/content_credentials/meta/argument_specs.yml Failed to find argument_specs.yml for role in theforeman.foreman.
2025-11-30T04:39:58.938923+00:00 ERROR 'ansible_navigator.actions.collections._parse' /usr/share/ansible/collections/ansible_collections/theforeman/foreman/roles/content_credentials/meta/main.yml Failed to find main.yml for role in theforeman.foreman.
2025-11-30T04:39:58.938945+00:00 ERROR 'ansible_navigator.actions.collections._parse' /usr/share/ansible/collections/ansible_collections/theforeman/foreman/roles/content_rhel/meta/argument_specs.yml Failed to find argument_specs.yml for role in theforeman.foreman.
2025-11-30T04:39:58.938966+00:00 ERROR 'ansible_navigator.actions.collections._parse' /usr/share/ansible/collections/ansible_collections/theforeman/foreman/roles/content_rhel/meta/main.yml Failed to find main.yml for role in theforeman.foreman.
2025-11-30T04:39:58.938988+00:00 ERROR 'ansible_navigator.actions.collections._parse' /usr/share/ansible/collections/ansible_collections/theforeman/foreman/roles/content_view_publish/meta/argument_specs.yml Failed to find argument_specs.yml for role in theforeman.foreman.
2025-11-30T04:39:58.939009+00:00 ERROR 'ansible_navigator.actions.collections._parse' /usr/share/ansible/collections/ansible_collections/theforeman/foreman/roles/content_view_publish/meta/main.yml Failed to find main.yml for role in theforeman.foreman.
2025-11-30T04:39:58.939031+00:00 ERROR 'ansible_navigator.actions.collections._parse' /usr/share/ansible/collections/ansible_collections/theforeman/foreman/roles/content_view_version_cleanup/meta/argument_specs.yml Failed to find argument_specs.yml for role in theforeman.foreman.
2025-11-30T04:39:58.939053+00:00 ERROR 'ansible_navigator.actions.collections._parse' /usr/share/ansible/collections/ansible_collections/theforeman/foreman/roles/content_view_version_cleanup/meta/main.yml Failed to find main.yml for role in theforeman.foreman.
2025-11-30T04:39:58.939079+00:00 ERROR 'ansible_navigator.actions.collections._parse' /usr/share/ansible/collections/ansible_collections/theforeman/foreman/roles/content_views/meta/argument_specs.yml Failed to find argument_specs.yml for role in theforeman.foreman.
2025-11-30T04:39:58.939101+00:00 ERROR 'ansible_navigator.actions.collections._parse' /usr/share/ansible/collections/ansible_collections/theforeman/foreman/roles/content_views/meta/main.yml Failed to find main.yml for role in theforeman.foreman.
2025-11-30T04:39:58.939123+00:00 ERROR 'ansible_navigator.actions.collections._parse' /usr/share/ansible/collections/ansible_collections/theforeman/foreman/roles/convert2rhel/meta/argument_specs.yml Failed to find argument_specs.yml for role in theforeman.foreman.
2025-11-30T04:39:58.939176+00:00 ERROR 'ansible_navigator.actions.collections._parse' /usr/share/ansible/collections/ansible_collections/theforeman/foreman/roles/convert2rhel/meta/main.yml Failed to find main.yml for role in theforeman.foreman.
2025-11-30T04:39:58.939203+00:00 ERROR 'ansible_navigator.actions.collections._parse' /usr/share/ansible/collections/ansible_collections/theforeman/foreman/roles/domains/meta/argument_specs.yml Failed to find argument_specs.yml for role in theforeman.foreman.
2025-11-30T04:39:58.939227+00:00 ERROR 'ansible_navigator.actions.collections._parse' /usr/share/ansible/collections/ansible_collections/theforeman/foreman/roles/domains/meta/main.yml Failed to find main.yml for role in theforeman.foreman.
2025-11-30T04:39:58.939249+00:00 ERROR 'ansible_navigator.actions.collections._parse' /usr/share/ansible/collections/ansible_collections/theforeman/foreman/roles/hostgroups/meta/argument_specs.yml Failed to find argument_specs.yml for role in theforeman.foreman.
2025-11-30T04:39:58.939271+00:00 ERROR 'ansible_navigator.actions.collections._parse' /usr/share/ansible/collections/ansible_collections/theforeman/foreman/roles/hostgroups/meta/main.yml Failed to find main.yml for role in theforeman.foreman.
2025-11-30T04:39:58.939293+00:00 ERROR 'ansible_navigator.actions.collections._parse' /usr/share/ansible/collections/ansible_collections/theforeman/foreman/roles/lifecycle_environments/meta/argument_specs.yml Failed to find argument_specs.yml for role in theforeman.foreman.
2025-11-30T04:39:58.939316+00:00 ERROR 'ansible_navigator.actions.collections._parse' /usr/share/ansible/collections/ansible_collections/theforeman/foreman/roles/lifecycle_environments/meta/main.yml Failed to find main.yml for role in theforeman.foreman.
2025-11-30T04:39:58.939337+00:00 ERROR 'ansible_navigator.actions.collections._parse' /usr/share/ansible/collections/ansible_collections/theforeman/foreman/roles/locations/meta/argument_specs.yml Failed to find argument_specs.yml for role in theforeman.foreman.
2025-11-30T04:39:58.939359+00:00 ERROR 'ansible_navigator.actions.collections._parse' /usr/share/ansible/collections/ansible_collections/theforeman/foreman/roles/locations/meta/main.yml Failed to find main.yml for role in theforeman.foreman.
2025-11-30T04:39:58.939381+00:00 ERROR 'ansible_navigator.actions.collections._parse' /usr/share/ansible/collections/ansible_collections/theforeman/foreman/roles/manifest/meta/argument_specs.yml Failed to find argument_specs.yml for role in theforeman.foreman.
2025-11-30T04:39:58.939403+00:00 ERROR 'ansible_navigator.actions.collections._parse' /usr/share/ansible/collections/ansible_collections/theforeman/foreman/roles/manifest/meta/main.yml Failed to find main.yml for role in theforeman.foreman.
2025-11-30T04:39:58.939424+00:00 ERROR 'ansible_navigator.actions.collections._parse' /usr/share/ansible/collections/ansible_collections/theforeman/foreman/roles/operatingsystems/meta/argument_specs.yml Failed to find argument_specs.yml for role in theforeman.foreman.
2025-11-30T04:39:58.939445+00:00 ERROR 'ansible_navigator.actions.collections._parse' /usr/share/ansible/collections/ansible_collections/theforeman/foreman/roles/operatingsystems/meta/main.yml Failed to find main.yml for role in theforeman.foreman.
2025-11-30T04:39:58.939471+00:00 ERROR 'ansible_navigator.actions.collections._parse' /usr/share/ansible/collections/ansible_collections/theforeman/foreman/roles/organizations/meta/argument_specs.yml Failed to find argument_specs.yml for role in theforeman.foreman.
2025-11-30T04:39:58.939494+00:00 ERROR 'ansible_navigator.actions.collections._parse' /usr/share/ansible/collections/ansible_collections/theforeman/foreman/roles/organizations/meta/main.yml Failed to find main.yml for role in theforeman.foreman.
2025-11-30T04:39:58.939515+00:00 ERROR 'ansible_navigator.actions.collections._parse' /usr/share/ansible/collections/ansible_collections/theforeman/foreman/roles/provisioning_templates/meta/argument_specs.yml Failed to find argument_specs.yml for role in theforeman.foreman.
2025-11-30T04:39:58.939536+00:00 ERROR 'ansible_navigator.actions.collections._parse' /usr/share/ansible/collections/ansible_collections/theforeman/foreman/roles/provisioning_templates/meta/main.yml Failed to find main.yml for role in theforeman.foreman.
2025-11-30T04:39:58.939558+00:00 ERROR 'ansible_navigator.actions.collections._parse' /usr/share/ansible/collections/ansible_collections/theforeman/foreman/roles/repositories/meta/argument_specs.yml Failed to find argument_specs.yml for role in theforeman.foreman.
2025-11-30T04:39:58.939579+00:00 ERROR 'ansible_navigator.actions.collections._parse' /usr/share/ansible/collections/ansible_collections/theforeman/foreman/roles/repositories/meta/main.yml Failed to find main.yml for role in theforeman.foreman.
2025-11-30T04:39:58.939600+00:00 ERROR 'ansible_navigator.actions.collections._parse' /usr/share/ansible/collections/ansible_collections/theforeman/foreman/roles/settings/meta/argument_specs.yml Failed to find argument_specs.yml for role in theforeman.foreman.
2025-11-30T04:39:58.939622+00:00 ERROR 'ansible_navigator.actions.collections._parse' /usr/share/ansible/collections/ansible_collections/theforeman/foreman/roles/settings/meta/main.yml Failed to find main.yml for role in theforeman.foreman.
2025-11-30T04:39:58.939643+00:00 ERROR 'ansible_navigator.actions.collections._parse' /usr/share/ansible/collections/ansible_collections/theforeman/foreman/roles/subnets/meta/argument_specs.yml Failed to find argument_specs.yml for role in theforeman.foreman.
2025-11-30T04:39:58.939685+00:00 ERROR 'ansible_navigator.actions.collections._parse' /usr/share/ansible/collections/ansible_collections/theforeman/foreman/roles/subnets/meta/main.yml Failed to find main.yml for role in theforeman.foreman.
2025-11-30T04:39:58.939716+00:00 ERROR 'ansible_navigator.actions.collections._parse' /usr/share/ansible/collections/ansible_collections/theforeman/foreman/roles/sync_plans/meta/argument_specs.yml Failed to find argument_specs.yml for role in theforeman.foreman.
2025-11-30T04:39:58.939740+00:00 ERROR 'ansible_navigator.actions.collections._parse' /usr/share/ansible/collections/ansible_collections/theforeman/foreman/roles/sync_plans/meta/main.yml Failed to find main.yml for role in theforeman.foreman.
2025-11-30T04:40:05.601482+00:00 ERROR 'ansible_navigator.actions.collections._build_collection_content_menu' error loading plugin doc {'path': 'plugins/inventory/controller.py', 'type': 'inventory'}
2025-11-30T04:40:05.601764+00:00 ERROR 'ansible_navigator.actions.collections._build_collection_content_menu' error loading plugin doc {'path': 'plugins/lookup/controller_api.py', 'type': 'lookup'}
2025-11-30T04:40:05.603086+00:00 ERROR 'ansible_navigator.actions.collections._build_collection_content_menu' error loading plugin doc {'path': 'plugins/modules/ad_hoc_command.py', 'type': 'module'}
2025-11-30T04:40:05.604089+00:00 ERROR 'ansible_navigator.actions.collections._build_collection_content_menu' error loading plugin doc {'path': 'plugins/modules/ad_hoc_command_cancel.py', 'type': 'module'}
2025-11-30T04:40:05.604192+00:00 ERROR 'ansible_navigator.actions.collections._build_collection_content_menu' error loading plugin doc {'path': 'plugins/modules/ad_hoc_command_wait.py', 'type': 'module'}
2025-11-30T04:40:05.604265+00:00 ERROR 'ansible_navigator.actions.collections._build_collection_content_menu' error loading plugin doc {'path': 'plugins/modules/application.py', 'type': 'module'}
2025-11-30T04:40:05.604327+00:00 ERROR 'ansible_navigator.actions.collections._build_collection_content_menu' error loading plugin doc {'path': 'plugins/modules/bulk_host_create.py', 'type': 'module'}
2025-11-30T04:40:05.604384+00:00 ERROR 'ansible_navigator.actions.collections._build_collection_content_menu' error loading plugin doc {'path': 'plugins/modules/bulk_host_delete.py', 'type': 'module'}
2025-11-30T04:40:05.604439+00:00 ERROR 'ansible_navigator.actions.collections._build_collection_content_menu' error loading plugin doc {'path': 'plugins/modules/bulk_job_launch.py', 'type': 'module'}
2025-11-30T04:40:05.604492+00:00 ERROR 'ansible_navigator.actions.collections._build_collection_content_menu' error loading plugin doc {'path': 'plugins/modules/controller_meta.py', 'type': 'module'}
2025-11-30T04:40:05.604553+00:00 ERROR 'ansible_navigator.actions.collections._build_collection_content_menu' error loading plugin doc {'path': 'plugins/modules/credential.py', 'type': 'module'}
2025-11-30T04:40:05.604627+00:00 ERROR 'ansible_navigator.actions.collections._build_collection_content_menu' error loading plugin doc {'path': 'plugins/modules/credential_input_source.py', 'type': 'module'}
2025-11-30T04:40:05.604683+00:00 ERROR 'ansible_navigator.actions.collections._build_collection_content_menu' error loading plugin doc {'path': 'plugins/modules/credential_type.py', 'type': 'module'}
2025-11-30T04:40:05.604737+00:00 ERROR 'ansible_navigator.actions.collections._build_collection_content_menu' error loading plugin doc {'path': 'plugins/modules/execution_environment.py', 'type': 'module'}
2025-11-30T04:40:05.604791+00:00 ERROR 'ansible_navigator.actions.collections._build_collection_content_menu' error loading plugin doc {'path': 'plugins/modules/export.py', 'type': 'module'}
2025-11-30T04:40:05.604844+00:00 ERROR 'ansible_navigator.actions.collections._build_collection_content_menu' error loading plugin doc {'path': 'plugins/modules/group.py', 'type': 'module'}
2025-11-30T04:40:05.604896+00:00 ERROR 'ansible_navigator.actions.collections._build_collection_content_menu' error loading plugin doc {'path': 'plugins/modules/host.py', 'type': 'module'}
2025-11-30T04:40:05.604947+00:00 ERROR 'ansible_navigator.actions.collections._build_collection_content_menu' error loading plugin doc {'path': 'plugins/modules/import.py', 'type': 'module'}
2025-11-30T04:40:05.604999+00:00 ERROR 'ansible_navigator.actions.collections._build_collection_content_menu' error loading plugin doc {'path': 'plugins/modules/instance.py', 'type': 'module'}
2025-11-30T04:40:05.605052+00:00 ERROR 'ansible_navigator.actions.collections._build_collection_content_menu' error loading plugin doc {'path': 'plugins/modules/instance_group.py', 'type': 'module'}
2025-11-30T04:40:05.605103+00:00 ERROR 'ansible_navigator.actions.collections._build_collection_content_menu' error loading plugin doc {'path': 'plugins/modules/inventory.py', 'type': 'module'}
2025-11-30T04:40:05.605154+00:00 ERROR 'ansible_navigator.actions.collections._build_collection_content_menu' error loading plugin doc {'path': 'plugins/modules/inventory_source.py', 'type': 'module'}
2025-11-30T04:40:05.605205+00:00 ERROR 'ansible_navigator.actions.collections._build_collection_content_menu' error loading plugin doc {'path': 'plugins/modules/inventory_source_update.py', 'type': 'module'}
2025-11-30T04:40:05.605256+00:00 ERROR 'ansible_navigator.actions.collections._build_collection_content_menu' error loading plugin doc {'path': 'plugins/modules/job_cancel.py', 'type': 'module'}
2025-11-30T04:40:05.605330+00:00 ERROR 'ansible_navigator.actions.collections._build_collection_content_menu' error loading plugin doc {'path': 'plugins/modules/job_launch.py', 'type': 'module'}
2025-11-30T04:40:05.605404+00:00 ERROR 'ansible_navigator.actions.collections._build_collection_content_menu' error loading plugin doc {'path': 'plugins/modules/job_list.py', 'type': 'module'}
2025-11-30T04:40:05.605459+00:00 ERROR 'ansible_navigator.actions.collections._build_collection_content_menu' error loading plugin doc {'path': 'plugins/modules/job_template.py', 'type': 'module'}
2025-11-30T04:40:05.605511+00:00 ERROR 'ansible_navigator.actions.collections._build_collection_content_menu' error loading plugin doc {'path': 'plugins/modules/job_wait.py', 'type': 'module'}
2025-11-30T04:40:05.605591+00:00 ERROR 'ansible_navigator.actions.collections._build_collection_content_menu' error loading plugin doc {'path': 'plugins/modules/label.py', 'type': 'module'}
2025-11-30T04:40:05.605648+00:00 ERROR 'ansible_navigator.actions.collections._build_collection_content_menu' error loading plugin doc {'path': 'plugins/modules/license.py', 'type': 'module'}
2025-11-30T04:40:05.605702+00:00 ERROR 'ansible_navigator.actions.collections._build_collection_content_menu' error loading plugin doc {'path': 'plugins/modules/notification_template.py', 'type': 'module'}
2025-11-30T04:40:05.605754+00:00 ERROR 'ansible_navigator.actions.collections._build_collection_content_menu' error loading plugin doc {'path': 'plugins/modules/organization.py', 'type': 'module'}
2025-11-30T04:40:05.605806+00:00 ERROR 'ansible_navigator.actions.collections._build_collection_content_menu' error loading plugin doc {'path': 'plugins/modules/project.py', 'type': 'module'}
2025-11-30T04:40:05.605857+00:00 ERROR 'ansible_navigator.actions.collections._build_collection_content_menu' error loading plugin doc {'path': 'plugins/modules/project_update.py', 'type': 'module'}
2025-11-30T04:40:05.605908+00:00 ERROR 'ansible_navigator.actions.collections._build_collection_content_menu' error loading plugin doc {'path': 'plugins/modules/role.py', 'type': 'module'}
2025-11-30T04:40:05.606278+00:00 ERROR 'ansible_navigator.actions.collections._build_collection_content_menu' error loading plugin doc {'path': 'plugins/modules/schedule.py', 'type': 'module'}
2025-11-30T04:40:05.606361+00:00 ERROR 'ansible_navigator.actions.collections._build_collection_content_menu' error loading plugin doc {'path': 'plugins/modules/settings.py', 'type': 'module'}
2025-11-30T04:40:05.606418+00:00 ERROR 'ansible_navigator.actions.collections._build_collection_content_menu' error loading plugin doc {'path': 'plugins/modules/subscriptions.py', 'type': 'module'}
2025-11-30T04:40:05.606525+00:00 ERROR 'ansible_navigator.actions.collections._build_collection_content_menu' error loading plugin doc {'path': 'plugins/modules/team.py', 'type': 'module'}
2025-11-30T04:40:05.606604+00:00 ERROR 'ansible_navigator.actions.collections._build_collection_content_menu' error loading plugin doc {'path': 'plugins/modules/token.py', 'type': 'module'}
2025-11-30T04:40:05.607356+00:00 ERROR 'ansible_navigator.actions.collections._build_collection_content_menu' error loading plugin doc {'path': 'plugins/modules/user.py', 'type': 'module'}
2025-11-30T04:40:05.607423+00:00 ERROR 'ansible_navigator.actions.collections._build_collection_content_menu' error loading plugin doc {'path': 'plugins/modules/workflow_approval.py', 'type': 'module'}
2025-11-30T04:40:05.607479+00:00 ERROR 'ansible_navigator.actions.collections._build_collection_content_menu' error loading plugin doc {'path': 'plugins/modules/workflow_job_template.py', 'type': 'module'}
2025-11-30T04:40:05.607532+00:00 ERROR 'ansible_navigator.actions.collections._build_collection_content_menu' error loading plugin doc {'path': 'plugins/modules/workflow_job_template_node.py', 'type': 'module'}
2025-11-30T04:40:05.607606+00:00 ERROR 'ansible_navigator.actions.collections._build_collection_content_menu' error loading plugin doc {'path': 'plugins/modules/workflow_launch.py', 'type': 'module'}
2025-11-30T04:40:05.607666+00:00 ERROR 'ansible_navigator.actions.collections._build_collection_content_menu' error loading plugin doc {'path': 'plugins/modules/workflow_node_wait.py', 'type': 'module'}
2025-11-30T04:40:10.341660+00:00 ERROR 'ansible_navigator.actions.collections._build_collection_content_menu' error loading plugin doc {'path': 'plugins/inventory/controller.py', 'type': 'inventory'}
2025-11-30T04:40:10.341805+00:00 ERROR 'ansible_navigator.actions.collections._build_collection_content_menu' error loading plugin doc {'path': 'plugins/lookup/controller_api.py', 'type': 'lookup'}
2025-11-30T04:40:10.341968+00:00 ERROR 'ansible_navigator.actions.collections._build_collection_content_menu' error loading plugin doc {'path': 'plugins/modules/ad_hoc_command.py', 'type': 'module'}
2025-11-30T04:40:10.342035+00:00 ERROR 'ansible_navigator.actions.collections._build_collection_content_menu' error loading plugin doc {'path': 'plugins/modules/ad_hoc_command_cancel.py', 'type': 'module'}
2025-11-30T04:40:10.342096+00:00 ERROR 'ansible_navigator.actions.collections._build_collection_content_menu' error loading plugin doc {'path': 'plugins/modules/ad_hoc_command_wait.py', 'type': 'module'}
2025-11-30T04:40:10.342152+00:00 ERROR 'ansible_navigator.actions.collections._build_collection_content_menu' error loading plugin doc {'path': 'plugins/modules/application.py', 'type': 'module'}
2025-11-30T04:40:10.342236+00:00 ERROR 'ansible_navigator.actions.collections._build_collection_content_menu' error loading plugin doc {'path': 'plugins/modules/bulk_host_create.py', 'type': 'module'}
2025-11-30T04:40:10.342302+00:00 ERROR 'ansible_navigator.actions.collections._build_collection_content_menu' error loading plugin doc {'path': 'plugins/modules/bulk_host_delete.py', 'type': 'module'}
2025-11-30T04:40:10.342360+00:00 ERROR 'ansible_navigator.actions.collections._build_collection_content_menu' error loading plugin doc {'path': 'plugins/modules/bulk_job_launch.py', 'type': 'module'}
2025-11-30T04:40:10.342414+00:00 ERROR 'ansible_navigator.actions.collections._build_collection_content_menu' error loading plugin doc {'path': 'plugins/modules/controller_meta.py', 'type': 'module'}
2025-11-30T04:40:10.342468+00:00 ERROR 'ansible_navigator.actions.collections._build_collection_content_menu' error loading plugin doc {'path': 'plugins/modules/credential.py', 'type': 'module'}
2025-11-30T04:40:10.342522+00:00 ERROR 'ansible_navigator.actions.collections._build_collection_content_menu' error loading plugin doc {'path': 'plugins/modules/credential_input_source.py', 'type': 'module'}
2025-11-30T04:40:10.342575+00:00 ERROR 'ansible_navigator.actions.collections._build_collection_content_menu' error loading plugin doc {'path': 'plugins/modules/credential_type.py', 'type': 'module'}
2025-11-30T04:40:10.342627+00:00 ERROR 'ansible_navigator.actions.collections._build_collection_content_menu' error loading plugin doc {'path': 'plugins/modules/execution_environment.py', 'type': 'module'}
2025-11-30T04:40:10.342681+00:00 ERROR 'ansible_navigator.actions.collections._build_collection_content_menu' error loading plugin doc {'path': 'plugins/modules/export.py', 'type': 'module'}
2025-11-30T04:40:10.342734+00:00 ERROR 'ansible_navigator.actions.collections._build_collection_content_menu' error loading plugin doc {'path': 'plugins/modules/group.py', 'type': 'module'}
2025-11-30T04:40:10.342786+00:00 ERROR 'ansible_navigator.actions.collections._build_collection_content_menu' error loading plugin doc {'path': 'plugins/modules/host.py', 'type': 'module'}
2025-11-30T04:40:10.342838+00:00 ERROR 'ansible_navigator.actions.collections._build_collection_content_menu' error loading plugin doc {'path': 'plugins/modules/import.py', 'type': 'module'}
2025-11-30T04:40:10.342930+00:00 ERROR 'ansible_navigator.actions.collections._build_collection_content_menu' error loading plugin doc {'path': 'plugins/modules/instance.py', 'type': 'module'}
2025-11-30T04:40:10.342990+00:00 ERROR 'ansible_navigator.actions.collections._build_collection_content_menu' error loading plugin doc {'path': 'plugins/modules/instance_group.py', 'type': 'module'}
2025-11-30T04:40:10.343044+00:00 ERROR 'ansible_navigator.actions.collections._build_collection_content_menu' error loading plugin doc {'path': 'plugins/modules/inventory.py', 'type': 'module'}
2025-11-30T04:40:10.343107+00:00 ERROR 'ansible_navigator.actions.collections._build_collection_content_menu' error loading plugin doc {'path': 'plugins/modules/inventory_source.py', 'type': 'module'}
2025-11-30T04:40:10.343160+00:00 ERROR 'ansible_navigator.actions.collections._build_collection_content_menu' error loading plugin doc {'path': 'plugins/modules/inventory_source_update.py', 'type': 'module'}
2025-11-30T04:40:10.343240+00:00 ERROR 'ansible_navigator.actions.collections._build_collection_content_menu' error loading plugin doc {'path': 'plugins/modules/job_cancel.py', 'type': 'module'}
2025-11-30T04:40:10.343297+00:00 ERROR 'ansible_navigator.actions.collections._build_collection_content_menu' error loading plugin doc {'path': 'plugins/modules/job_launch.py', 'type': 'module'}
2025-11-30T04:40:10.343351+00:00 ERROR 'ansible_navigator.actions.collections._build_collection_content_menu' error loading plugin doc {'path': 'plugins/modules/job_list.py', 'type': 'module'}
2025-11-30T04:40:10.343404+00:00 ERROR 'ansible_navigator.actions.collections._build_collection_content_menu' error loading plugin doc {'path': 'plugins/modules/job_template.py', 'type': 'module'}
2025-11-30T04:40:10.343457+00:00 ERROR 'ansible_navigator.actions.collections._build_collection_content_menu' error loading plugin doc {'path': 'plugins/modules/job_wait.py', 'type': 'module'}
2025-11-30T04:40:10.343511+00:00 ERROR 'ansible_navigator.actions.collections._build_collection_content_menu' error loading plugin doc {'path': 'plugins/modules/label.py', 'type': 'module'}
2025-11-30T04:40:10.343563+00:00 ERROR 'ansible_navigator.actions.collections._build_collection_content_menu' error loading plugin doc {'path': 'plugins/modules/license.py', 'type': 'module'}
2025-11-30T04:40:10.343616+00:00 ERROR 'ansible_navigator.actions.collections._build_collection_content_menu' error loading plugin doc {'path': 'plugins/modules/notification_template.py', 'type': 'module'}
2025-11-30T04:40:10.343668+00:00 ERROR 'ansible_navigator.actions.collections._build_collection_content_menu' error loading plugin doc {'path': 'plugins/modules/organization.py', 'type': 'module'}
2025-11-30T04:40:10.343720+00:00 ERROR 'ansible_navigator.actions.collections._build_collection_content_menu' error loading plugin doc {'path': 'plugins/modules/project.py', 'type': 'module'}
2025-11-30T04:40:10.343771+00:00 ERROR 'ansible_navigator.actions.collections._build_collection_content_menu' error loading plugin doc {'path': 'plugins/modules/project_update.py', 'type': 'module'}
2025-11-30T04:40:10.343823+00:00 ERROR 'ansible_navigator.actions.collections._build_collection_content_menu' error loading plugin doc {'path': 'plugins/modules/role.py', 'type': 'module'}
2025-11-30T04:40:10.343876+00:00 ERROR 'ansible_navigator.actions.collections._build_collection_content_menu' error loading plugin doc {'path': 'plugins/modules/schedule.py', 'type': 'module'}
2025-11-30T04:40:10.343967+00:00 ERROR 'ansible_navigator.actions.collections._build_collection_content_menu' error loading plugin doc {'path': 'plugins/modules/settings.py', 'type': 'module'}
2025-11-30T04:40:10.344024+00:00 ERROR 'ansible_navigator.actions.collections._build_collection_content_menu' error loading plugin doc {'path': 'plugins/modules/subscriptions.py', 'type': 'module'}
2025-11-30T04:40:10.344079+00:00 ERROR 'ansible_navigator.actions.collections._build_collection_content_menu' error loading plugin doc {'path': 'plugins/modules/team.py', 'type': 'module'}
2025-11-30T04:40:10.344132+00:00 ERROR 'ansible_navigator.actions.collections._build_collection_content_menu' error loading plugin doc {'path': 'plugins/modules/token.py', 'type': 'module'}
2025-11-30T04:40:10.344184+00:00 ERROR 'ansible_navigator.actions.collections._build_collection_content_menu' error loading plugin doc {'path': 'plugins/modules/user.py', 'type': 'module'}
2025-11-30T04:40:10.344237+00:00 ERROR 'ansible_navigator.actions.collections._build_collection_content_menu' error loading plugin doc {'path': 'plugins/modules/workflow_approval.py', 'type': 'module'}
2025-11-30T04:40:10.344295+00:00 ERROR 'ansible_navigator.actions.collections._build_collection_content_menu' error loading plugin doc {'path': 'plugins/modules/workflow_job_template.py', 'type': 'module'}
2025-11-30T04:40:10.344348+00:00 ERROR 'ansible_navigator.actions.collections._build_collection_content_menu' error loading plugin doc {'path': 'plugins/modules/workflow_job_template_node.py', 'type': 'module'}
2025-11-30T04:40:10.344401+00:00 ERROR 'ansible_navigator.actions.collections._build_collection_content_menu' error loading plugin doc {'path': 'plugins/modules/workflow_launch.py', 'type': 'module'}
2025-11-30T04:40:10.344453+00:00 ERROR 'ansible_navigator.actions.collections._build_collection_content_menu' error loading plugin doc {'path': 'plugins/modules/workflow_node_wait.py', 'type': 'module'}
